dexy - INFO - starting logging for dexy
dexy - INFO - using config file 'dexy.yaml'
dexy - INFO - (state:running) 041d238328e773e7a1a4ecc6b6db4f00 doc:docs/.md|jinja|markdown: running...
dexy - INFO - (state:running) e3f3c8ad108741264343014065b73721 pattern:*.py|pycon: running...
dexy - INFO - (state:running) cf8ab2b239ff84b4e05913f96a984173 doc:test/__init__.py|pycon: running...
dexy - INFO - (state:running) 08d5613d391e1ccdc1d4f80bfc30c72a doc:setup.py|pycon: running...
dexy - WARNING - ERROR while running setup.py|pycon: 

dexy - INFO - starting logging for dexy
dexy - INFO - using config file 'dexy.yaml'
dexy - ERROR - A problem has occurred with one of your documents:
dexy - ERROR - Filter 'pycon' in 'docs.examples/.py|pycon' can't handle file extension , supported extensions are .txt, .py
dexy - INFO - starting logging for dexy
dexy - INFO - using config file 'dexy.yaml'
dexy - ERROR - A problem has occurred with one of your documents:
dexy - ERROR - Filter 'pycon' in 'docs/examples/.py|pycon' can't handle file extension , supported extensions are .txt, .py
dexy - INFO - starting logging for dexy
dexy - INFO - using config file 'dexy.yaml'
dexy - INFO - (state:running) 041d238328e773e7a1a4ecc6b6db4f00 doc:docs/.md|jinja|markdown: running...
dexy - INFO - (state:running) c7f5483e5779d244230e4e3563a25737 doc:docs/examples/.py: running...
dexy - WARNING - ERROR while running docs/examples/.py: No data found for 'docs/examples/.py', did you reference a file that doesn't exist?

dexy - INFO - starting logging for dexy
dexy - INFO - using config file 'dexy.yaml'
dexy - INFO - (state:running) 041d238328e773e7a1a4ecc6b6db4f00 doc:docs/.md|jinja|markdown: running...
dexy - INFO - (state:running) 6f4789ff64a6b23acdd91076f5fcd9d9 doc:docs/.py: running...
dexy - WARNING - ERROR while running docs/.py: No data found for 'docs/.py', did you reference a file that doesn't exist?

dexy - INFO - starting logging for dexy
dexy - INFO - using config file 'dexy.yaml'
dexy - INFO - (state:running) 041d238328e773e7a1a4ecc6b6db4f00 doc:docs/.md|jinja|markdown: running...
dexy - INFO - (state:running) 37563471ba952204cd9c9cd12e8bcd8e pattern:docs/*.py: running...
dexy - INFO - (state:running) ceda5ecb6c4e459873a07fa65f6979e7 doc:docs/example.py: running...
dexy - WARNING - ERROR while running docs/.md|jinja|markdown: No data found for 'docs/.md', did you reference a file that doesn't exist?

dexy - INFO - starting logging for dexy
dexy - INFO - using config file 'dexy.yaml'
dexy - INFO - (state:running) 5daa0ed47e37b4c34db1c5f59d375aed pattern:docs/*.md|jinja|markdown: running...
dexy - INFO - (state:running) 37563471ba952204cd9c9cd12e8bcd8e pattern:docs/*.py: using cache for self and any children
dexy - INFO - (state:running) 0697048fe57f82375f80808729b99d6d doc:docs/docs.md|jinja|markdown: running...
dexy - WARNING - (state:running) 0697048fe57f82375f80808729b99d6d doc:docs/docs.md|jinja|markdown: unable to parse line number from traceback
dexy - WARNING - ERROR while running docs/docs.md|jinja|markdown: a UndefinedError problem was detected: 'dexy.data.Generic object' has no attribute 'import-the-library'
line 0009: {{ d['example.py']['import-the-library'] }}

dexy - INFO - starting logging for dexy
dexy - INFO - using config file 'dexy.yaml'
dexy - INFO - (state:running) 5daa0ed47e37b4c34db1c5f59d375aed pattern:docs/*.md|jinja|markdown: running...
dexy - INFO - (state:running) 37563471ba952204cd9c9cd12e8bcd8e pattern:docs/*.py: using cache for self and any children
dexy - INFO - (state:running) 0697048fe57f82375f80808729b99d6d doc:docs/docs.md|jinja|markdown: running...
dexy - WARNING - (state:running) 0697048fe57f82375f80808729b99d6d doc:docs/docs.md|jinja|markdown: unable to parse line number from traceback
dexy - WARNING - ERROR while running docs/docs.md|jinja|markdown: a UndefinedError problem was detected: 'dexy.data.Generic object' has no attribute 'get-single-doi'
line 0015: #{{ d['example.py']['get-single-doi'] }}

dexy - INFO - starting logging for dexy
dexy - INFO - using config file 'dexy.yaml'
dexy - INFO - (state:running) 5daa0ed47e37b4c34db1c5f59d375aed pattern:docs/*.md|jinja|markdown: running...
dexy - INFO - (state:running) 37563471ba952204cd9c9cd12e8bcd8e pattern:docs/*.py: using cache for self and any children
dexy - INFO - (state:running) 0697048fe57f82375f80808729b99d6d doc:docs/docs.md|jinja|markdown: running...
dexy - INFO - starting logging for dexy
dexy - INFO - using config file 'dexy.yaml'
dexy - INFO - (state:running) 5daa0ed47e37b4c34db1c5f59d375aed pattern:docs/*.md|jinja|markdown: running...
dexy - INFO - (state:running) 3c044e76a6c1b21fb304dc623bc3c523 pattern:docs/*.py|pycon: running...
dexy - INFO - (state:running) bb2921a5de64f4fabefa12f158719825 doc:docs/example.py|pycon: running...
dexy - INFO - (state:running) 0697048fe57f82375f80808729b99d6d doc:docs/docs.md|jinja|markdown: running...
dexy - WARNING - ERROR while running docs/docs.md|jinja|markdown: a TemplateAssertionError problem was detected: no filter named 'pycon'
line 0009: {{ d['example.py'|pycon] }}

dexy - INFO - starting logging for dexy
dexy - INFO - using config file 'dexy.yaml'
dexy - INFO - (state:running) 5daa0ed47e37b4c34db1c5f59d375aed pattern:docs/*.md|jinja|markdown: running...
dexy - INFO - (state:running) 3c044e76a6c1b21fb304dc623bc3c523 pattern:docs/*.py|pycon: using cache for self and any children
dexy - INFO - (state:running) 0697048fe57f82375f80808729b99d6d doc:docs/docs.md|jinja|markdown: running...
dexy - INFO - starting logging for dexy
dexy - INFO - using config file 'dexy.yaml'
dexy - INFO - (state:running) ca8f41fe8bfdcc969582142bc62365e0 pattern:docs/*.md|jinja: running...
dexy - INFO - (state:running) 3c044e76a6c1b21fb304dc623bc3c523 pattern:docs/*.py|pycon: using cache for self and any children
dexy - INFO - (state:running) 78ddcc1a57f9eec0a40ee4fc4c12fe01 doc:docs/docs.md|jinja: running...
dexy - INFO - starting logging for dexy
dexy - INFO - using config file 'dexy.yaml'
dexy - INFO - (state:running) ca8f41fe8bfdcc969582142bc62365e0 pattern:docs/*.md|jinja: running...
dexy - INFO - (state:running) bfcaa2e56e5638382a7d5ac23e34e609 pattern:docs/*.py|idio|pycon: running...
dexy - INFO - (state:running) 65791a69e1e078c778f65b794793a4ec doc:docs/example.py|idio|pycon: running...
dexy - INFO - (state:running) 78ddcc1a57f9eec0a40ee4fc4c12fe01 doc:docs/docs.md|jinja: running...
dexy - WARNING - (state:running) 78ddcc1a57f9eec0a40ee4fc4c12fe01 doc:docs/docs.md|jinja: Listing documents which are available:
dexy - WARNING - (state:running) 78ddcc1a57f9eec0a40ee4fc4c12fe01 doc:docs/docs.md|jinja:   docs/example.py|idio|pycon
dexy - WARNING - ERROR while running docs/docs.md|jinja: No document named 'example.py|idio|pycon|pyg'
is available as an input to 'docs/docs.md|jinja'.
There are 1 input documents available, their keys have been written to dexy's log.
Did you mean 'docs/example.py|idio|pycon'?

dexy - INFO - starting logging for dexy
dexy - INFO - using config file 'dexy.yaml'
dexy - INFO - (state:running) ca8f41fe8bfdcc969582142bc62365e0 pattern:docs/*.md|jinja: running...
dexy - INFO - (state:running) 84bb1cf61dfaeb936e097ab9977cc10c pattern:docs/*.py|idio|pycon|pyg: running...
dexy - INFO - (state:running) aafcd3de84cb32b5c6120a07ff1a0585 doc:docs/example.py|idio|pycon|pyg: running...
dexy - INFO - (state:running) 78ddcc1a57f9eec0a40ee4fc4c12fe01 doc:docs/docs.md|jinja: running...
dexy - INFO - starting logging for dexy
dexy - INFO - using config file 'dexy.yaml'
dexy - INFO - (state:running) ca8f41fe8bfdcc969582142bc62365e0 pattern:docs/*.md|jinja: running...
dexy - INFO - (state:running) bfcaa2e56e5638382a7d5ac23e34e609 pattern:docs/*.py|idio|pycon: running...
dexy - INFO - (state:running) 65791a69e1e078c778f65b794793a4ec doc:docs/example.py|idio|pycon: running...
dexy - INFO - (state:running) 78ddcc1a57f9eec0a40ee4fc4c12fe01 doc:docs/docs.md|jinja: running...
dexy - INFO - starting logging for dexy
dexy - INFO - using config file 'dexy.yaml'
dexy - INFO - (state:running) 5daa0ed47e37b4c34db1c5f59d375aed pattern:docs/*.md|jinja|markdown: running...
dexy - INFO - (state:running) 025b32e33fcd02ac8f5e8be0b94ef591 pattern:docs/examples/*.py|idio|pycon|pyg: running...
dexy - INFO - (state:running) 0697048fe57f82375f80808729b99d6d doc:docs/docs.md|jinja|markdown: running...
dexy - WARNING - (state:running) 0697048fe57f82375f80808729b99d6d doc:docs/docs.md|jinja|markdown: Listing documents which are available:
dexy - WARNING - ERROR while running docs/docs.md|jinja|markdown: No document named 'example.py|idio|pycon|pyg'
is available as an input to 'docs/docs.md|jinja|markdown'.
There are 0 input documents available, their keys have been written to dexy's log.


dexy - INFO - starting logging for dexy
dexy - INFO - using config file 'dexy.yaml'
dexy - INFO - (state:running) 5daa0ed47e37b4c34db1c5f59d375aed pattern:docs/*.md|jinja|markdown: running...
dexy - INFO - (state:running) 025b32e33fcd02ac8f5e8be0b94ef591 pattern:docs/examples/*.py|idio|pycon|pyg: running...
dexy - INFO - (state:running) 03e130d953d22cf82666c14e98161a9f doc:docs/examples/example.py|idio|pycon|pyg: running...
dexy - INFO - (state:running) 0697048fe57f82375f80808729b99d6d doc:docs/docs.md|jinja|markdown: running...
dexy - WARNING - (state:running) 0697048fe57f82375f80808729b99d6d doc:docs/docs.md|jinja|markdown: Listing documents which are available:
dexy - WARNING - (state:running) 0697048fe57f82375f80808729b99d6d doc:docs/docs.md|jinja|markdown:   docs/examples/example.py|idio|pycon|pyg
dexy - WARNING - ERROR while running docs/docs.md|jinja|markdown: No document named 'example.py|idio|pycon|pyg'
is available as an input to 'docs/docs.md|jinja|markdown'.
There are 1 input documents available, their keys have been written to dexy's log.
Did you mean 'docs/examples/example.py|idio|pycon|pyg'?

dexy - INFO - starting logging for dexy
dexy - INFO - using config file 'dexy.yaml'
dexy - INFO - (state:running) 5daa0ed47e37b4c34db1c5f59d375aed pattern:docs/*.md|jinja|markdown: running...
dexy - INFO - (state:running) 025b32e33fcd02ac8f5e8be0b94ef591 pattern:docs/examples/*.py|idio|pycon|pyg: using cache for self and any children
dexy - INFO - (state:running) 0697048fe57f82375f80808729b99d6d doc:docs/docs.md|jinja|markdown: running...
dexy - INFO - starting logging for dexy
dexy - INFO - using config file 'dexy.yaml'
dexy - INFO - (state:running) 5daa0ed47e37b4c34db1c5f59d375aed pattern:docs/*.md|jinja|markdown: running...
dexy - INFO - (state:running) 025b32e33fcd02ac8f5e8be0b94ef591 pattern:docs/examples/*.py|idio|pycon|pyg: running...
dexy - INFO - (state:running) 03e130d953d22cf82666c14e98161a9f doc:docs/examples/example.py|idio|pycon|pyg: running...
dexy - INFO - (state:running) 0697048fe57f82375f80808729b99d6d doc:docs/docs.md|jinja|markdown: running...
dexy - INFO - starting logging for dexy
dexy - INFO - using config file 'dexy.yaml'
dexy - INFO - (state:running) ef6855ff4301d326cb9b51689724714f pattern:docs/*.md|jinja|markdown|easyhtml: running...
dexy - INFO - (state:running) 025b32e33fcd02ac8f5e8be0b94ef591 pattern:docs/examples/*.py|idio|pycon|pyg: using cache for self and any children
dexy - INFO - (state:running) 410b9692c31a0e1050217d21e590fa6c doc:docs/docs.md|jinja|markdown|easyhtml: running...
dexy - INFO - starting logging for dexy
dexy - INFO - using config file 'dexy.yaml'
dexy - INFO - (state:running) ef6855ff4301d326cb9b51689724714f pattern:docs/*.md|jinja|markdown|easyhtml: running...
dexy - INFO - (state:running) 025b32e33fcd02ac8f5e8be0b94ef591 pattern:docs/examples/*.py|idio|pycon|pyg: running...
dexy - INFO - (state:running) 03e130d953d22cf82666c14e98161a9f doc:docs/examples/example.py|idio|pycon|pyg: running...
dexy - INFO - (state:running) 410b9692c31a0e1050217d21e590fa6c doc:docs/docs.md|jinja|markdown|easyhtml: running...
dexy - INFO - starting logging for dexy
dexy - INFO - using config file 'dexy.yaml'
dexy - INFO - (state:running) ef6855ff4301d326cb9b51689724714f pattern:docs/*.md|jinja|markdown|easyhtml: running...
dexy - INFO - (state:running) 025b32e33fcd02ac8f5e8be0b94ef591 pattern:docs/examples/*.py|idio|pycon|pyg: running...
dexy - INFO - (state:running) 03e130d953d22cf82666c14e98161a9f doc:docs/examples/example.py|idio|pycon|pyg: running...
dexy - INFO - (state:running) 410b9692c31a0e1050217d21e590fa6c doc:docs/docs.md|jinja|markdown|easyhtml: running...
dexy - INFO - starting logging for dexy
dexy - INFO - using config file 'dexy.yaml'
dexy - INFO - (state:running) ef6855ff4301d326cb9b51689724714f pattern:docs/*.md|jinja|markdown|easyhtml: running...
dexy - INFO - (state:running) 025b32e33fcd02ac8f5e8be0b94ef591 pattern:docs/examples/*.py|idio|pycon|pyg: running...
dexy - INFO - (state:running) 03e130d953d22cf82666c14e98161a9f doc:docs/examples/example.py|idio|pycon|pyg: running...
dexy - INFO - (state:running) 410b9692c31a0e1050217d21e590fa6c doc:docs/docs.md|jinja|markdown|easyhtml: running...
dexy - INFO - starting logging for dexy
dexy - INFO - using config file 'dexy.yaml'
dexy - INFO - (state:running) ef6855ff4301d326cb9b51689724714f pattern:docs/*.md|jinja|markdown|easyhtml: running...
dexy - INFO - (state:running) 025b32e33fcd02ac8f5e8be0b94ef591 pattern:docs/examples/*.py|idio|pycon|pyg: running...
dexy - INFO - (state:running) 03e130d953d22cf82666c14e98161a9f doc:docs/examples/example.py|idio|pycon|pyg: running...
dexy - INFO - (state:running) 410b9692c31a0e1050217d21e590fa6c doc:docs/docs.md|jinja|markdown|easyhtml: running...
dexy - INFO - starting logging for dexy
dexy - INFO - using config file 'dexy.yaml'
dexy - INFO - (state:running) ef6855ff4301d326cb9b51689724714f pattern:docs/*.md|jinja|markdown|easyhtml: using cache for self and any children
dexy - INFO - starting logging for dexy
dexy - INFO - using config file 'dexy.yaml'
dexy - INFO - (state:running) ef6855ff4301d326cb9b51689724714f pattern:docs/*.md|jinja|markdown|easyhtml: running...
dexy - INFO - (state:running) 025b32e33fcd02ac8f5e8be0b94ef591 pattern:docs/examples/*.py|idio|pycon|pyg: running...
dexy - INFO - (state:running) 03e130d953d22cf82666c14e98161a9f doc:docs/examples/example.py|idio|pycon|pyg: running...
dexy - INFO - (state:running) 410b9692c31a0e1050217d21e590fa6c doc:docs/docs.md|jinja|markdown|easyhtml: running...
dexy - INFO - starting logging for dexy
dexy - INFO - using config file 'dexy.yaml'
dexy - INFO - (state:running) ef6855ff4301d326cb9b51689724714f pattern:docs/*.md|jinja|markdown|easyhtml: running...
dexy - INFO - (state:running) 025b32e33fcd02ac8f5e8be0b94ef591 pattern:docs/examples/*.py|idio|pycon|pyg: running...
dexy - INFO - (state:running) 03e130d953d22cf82666c14e98161a9f doc:docs/examples/example.py|idio|pycon|pyg: running...
dexy - INFO - (state:running) 410b9692c31a0e1050217d21e590fa6c doc:docs/docs.md|jinja|markdown|easyhtml: running...
dexy - INFO - starting logging for dexy
dexy - INFO - using config file 'dexy.yaml'
dexy - INFO - (state:running) ef6855ff4301d326cb9b51689724714f pattern:docs/*.md|jinja|markdown|easyhtml: using cache for self and any children
dexy - INFO - starting logging for dexy
dexy - INFO - using config file 'dexy.yaml'
dexy - INFO - (state:running) ef6855ff4301d326cb9b51689724714f pattern:docs/*.md|jinja|markdown|easyhtml: running...
dexy - INFO - (state:running) 025b32e33fcd02ac8f5e8be0b94ef591 pattern:docs/examples/*.py|idio|pycon|pyg: using cache for self and any children
dexy - INFO - (state:running) 5c626a060b1f2fad7f7a8eb9071d3875 doc:docs/index.md|jinja|markdown|easyhtml: running...
dexy - INFO - starting logging for dexy
dexy - INFO - using config file 'dexy.yaml'
dexy - INFO - (state:running) ef6855ff4301d326cb9b51689724714f pattern:docs/*.md|jinja|markdown|easyhtml: using cache for self and any children
dexy - INFO - starting logging for dexy
dexy - INFO - using config file 'dexy.yaml'
dexy - INFO - (state:running) ef6855ff4301d326cb9b51689724714f pattern:docs/*.md|jinja|markdown|easyhtml: using cache for self and any children
dexy - INFO - starting logging for dexy
dexy - INFO - using config file 'dexy.yaml'
dexy - INFO - (state:running) ef6855ff4301d326cb9b51689724714f pattern:docs/*.md|jinja|markdown|easyhtml: using cache for self and any children
